app/build/outputs/logs/manifest-merger-debug-report.txt
-- Merging decision tree log ---
manifest
ADDED from src/main/AndroidManifest.xml:2:1-96:12
	package
		ADDED from src/main/AndroidManifest.xml:3:5-46
		INJECTED from src/main/AndroidManifest.xml
		INJECTED from src/main/AndroidManifest.xml
	android:versionName
		ADDED from src/main/AndroidManifest.xml:6:5-30
	android:versionCode
		ADDED from src/main/AndroidManifest.xml:5:5-28
		INJECTED from src/main/AndroidManifest.xml
		INJECTED from src/main/AndroidManifest.xml
	xmlns:android
		ADDED from src/main/AndroidManifest.xml:2:11-69
	android:installLocation
		ADDED from src/main/AndroidManifest.xml:4:5-35
uses-sdk
ADDED from src/main/AndroidManifest.xml:8:5-10:41
MERGED from [com.android.support:multidex:1.0.1] AndroidManifest.xml:18:5-42
	android:targetSdkVersion
		ADDED from src/main/AndroidManifest.xml:10:9-38
		INJECTED from src/main/AndroidManifest.xml
		INJECTED from src/main/AndroidManifest.xml
	android:minSdkVersion
		ADDED from src/main/AndroidManifest.xml:9:9-35
		INJECTED from src/main/AndroidManifest.xml
		INJECTED from src/main/AndroidManifest.xml
uses-feature#android.hardware.camera
ADDED from src/main/AndroidManifest.xml:13:5-15:35
	android:required
		ADDED from src/main/AndroidManifest.xml:15:9-32
	android:name
		ADDED from src/main/AndroidManifest.xml:14:9-47
uses-feature#android.hardware.camera.autofocus
ADDED from src/main/AndroidManifest.xml:16:5-70
	android:name
		ADDED from src/main/AndroidManifest.xml:16:19-67
uses-feature#android.hardware.camera.flash
ADDED from src/main/AndroidManifest.xml:17:5-66
	android:name
		ADDED from src/main/AndroidManifest.xml:17:19-63
permission#com.pivotaldesign.howzthisbuddy.permission.C2D_MESSAGE
ADDED from src/main/AndroidManifest.xml:19:5-21:47
	android:protectionLevel
		ADDED from src/main/AndroidManifest.xml:21:9-44
	android:name
		ADDED from src/main/AndroidManifest.xml:20:9-78
uses-permission#android.permission.CAMERA
ADDED from src/main/AndroidManifest.xml:23:5-65
	android:name
		ADDED from src/main/AndroidManifest.xml:23:22-62
uses-permission#android.permission.FLASHLIGHT
ADDED from src/main/AndroidManifest.xml:24:5-69
	android:name
		ADDED from src/main/AndroidManifest.xml:24:22-66
uses-permission#android.permission.READ_EXTERNAL_STORAGE
ADDED from src/main/AndroidManifest.xml:25:5-80
	android:name
		ADDED from src/main/AndroidManifest.xml:25:22-77
uses-permission#android.permission.INTERNET
ADDED from src/main/AndroidManifest.xml:26:5-67
	android:name
		ADDED from src/main/AndroidManifest.xml:26:22-64
uses-permission#android.permission.ACCESS_NETWORK_STATE
ADDED from src/main/AndroidManifest.xml:27:5-79
	android:name
		ADDED from src/main/AndroidManifest.xml:27:22-76
uses-permission#android.permission.NETWORK
ADDED from src/main/AndroidManifest.xml:28:5-66
	android:name
		ADDED from src/main/AndroidManifest.xml:28:22-63
uses-permission#android.permission.READ_CONTACTS
ADDED from src/main/AndroidManifest.xml:29:5-72
	android:name
		ADDED from src/main/AndroidManifest.xml:29:22-69
uses-permission#android.permission.WRITE_EXTERNAL_STORAGE
ADDED from src/main/AndroidManifest.xml:30:5-81
	android:name
		ADDED from src/main/AndroidManifest.xml:30:22-78
uses-permission#android.permission.READ_PHONE_STATE
ADDED from src/main/AndroidManifest.xml:31:5-75
	android:name
		ADDED from src/main/AndroidManifest.xml:31:22-72
uses-permission#com.google.android.c2dm.permission.RECEIVE
ADDED from src/main/AndroidManifest.xml:32:5-82
	android:name
		ADDED from src/main/AndroidManifest.xml:32:22-79
uses-permission#android.permission.WAKE_LOCK
ADDED from src/main/AndroidManifest.xml:33:5-68
	android:name
		ADDED from src/main/AndroidManifest.xml:33:22-65
application
ADDED from src/main/AndroidManifest.xml:35:5-94:19
	android:label
		ADDED from src/main/AndroidManifest.xml:39:9-41
	android:allowBackup
		ADDED from src/main/AndroidManifest.xml:37:9-35
	android:icon
		ADDED from src/main/AndroidManifest.xml:38:9-54
	android:theme
		ADDED from src/main/AndroidManifest.xml:40:9-40
	android:name
		ADDED from src/main/AndroidManifest.xml:36:9-81
activity#com.pivotaldesign.howzthisbuddy.HBSplashActivity
ADDED from src/main/AndroidManifest.xml:41:9-58:20
	android:label
		ADDED from src/main/AndroidManifest.xml:44:13-45
	android:configChanges
		ADDED from src/main/AndroidManifest.xml:43:13-74
	android:theme
		ADDED from src/main/AndroidManifest.xml:45:13-51
	android:name
		ADDED from src/main/AndroidManifest.xml:42:13-45
intent-filter#android.intent.action.MAIN+android.intent.category.LAUNCHER
ADDED from src/main/AndroidManifest.xml:46:13-50:29
action#android.intent.action.MAIN
ADDED from src/main/AndroidManifest.xml:47:17-69
	android:name
		ADDED from src/main/AndroidManifest.xml:47:25-66
category#android.intent.category.LAUNCHER
ADDED from src/main/AndroidManifest.xml:49:17-77
	android:name
		ADDED from src/main/AndroidManifest.xml:49:27-74
intent-filter#android.intent.action.SEND+android.intent.category.DEFAULT
ADDED from src/main/AndroidManifest.xml:51:13-57:29
action#android.intent.action.SEND
ADDED from src/main/AndroidManifest.xml:52:17-69
	android:name
		ADDED from src/main/AndroidManifest.xml:52:25-66
category#android.intent.category.DEFAULT
ADDED from src/main/AndroidManifest.xml:54:17-76
	android:name
		ADDED from src/main/AndroidManifest.xml:54:27-73
data
ADDED from src/main/AndroidManifest.xml:56:17-55
	android:mimeType
		ADDED from src/main/AndroidManifest.xml:56:23-52
activity#com.pivotaldesign.howzthisbuddy.HBHomeActivity
ADDED from src/main/AndroidManifest.xml:59:9-63:20
	android:screenOrientation
		ADDED from src/main/AndroidManifest.xml:61:13-49
	android:windowSoftInputMode
		ADDED from src/main/AndroidManifest.xml:62:13-67
	android:name
		ADDED from src/main/AndroidManifest.xml:60:13-42
activity#com.pivotaldesign.howzthisbuddy.HBOpinionGivenDetailActivity
ADDED from src/main/AndroidManifest.xml:64:9-68:20
	android:screenOrientation
		ADDED from src/main/AndroidManifest.xml:66:13-49
	android:windowSoftInputMode
		ADDED from src/main/AndroidManifest.xml:67:13-67
	android:name
		ADDED from src/main/AndroidManifest.xml:65:13-56
activity#com.pivotaldesign.howzthisbuddy.HBOpinionReceivedDetailActivity
ADDED from src/main/AndroidManifest.xml:69:9-73:20
	android:screenOrientation
		ADDED from src/main/AndroidManifest.xml:71:13-49
	android:windowSoftInputMode
		ADDED from src/main/AndroidManifest.xml:72:13-67
	android:name
		ADDED from src/main/AndroidManifest.xml:70:13-59
activity#com.pivotaldesign.howzthisbuddy.HBRegistrationActivity
ADDED from src/main/AndroidManifest.xml:74:9-78:20
	android:screenOrientation
		ADDED from src/main/AndroidManifest.xml:76:13-49
	android:windowSoftInputMode
		ADDED from src/main/AndroidManifest.xml:77:13-67
	android:name
		ADDED from src/main/AndroidManifest.xml:75:13-50
activity#com.pivotaldesign.howzthisbuddy.GCMMessageView
ADDED from src/main/AndroidManifest.xml:79:9-80:20
	android:name
		ADDED from src/main/AndroidManifest.xml:79:19-48
service#com.pivotaldesign.howzthisbuddy.GCMIntentService
ADDED from src/main/AndroidManifest.xml:82:9-52
	android:name
		ADDED from src/main/AndroidManifest.xml:82:18-49
receiver#com.google.android.gcm.GCMBroadcastReceiver
ADDED from src/main/AndroidManifest.xml:84:9-93:20
	android:permission
		ADDED from src/main/AndroidManifest.xml:86:13-73
	android:name
		ADDED from src/main/AndroidManifest.xml:85:13-71
intent-filter#com.google.android.c2dm.intent.RECEIVE+com.google.android.c2dm.intent.REGISTRATION+com.pivotaldesign.howzthisbuddy
ADDED from src/main/AndroidManifest.xml:87:13-92:29
action#com.google.android.c2dm.intent.RECEIVE
ADDED from src/main/AndroidManifest.xml:88:17-81
	android:name
		ADDED from src/main/AndroidManifest.xml:88:25-78
action#com.google.android.c2dm.intent.REGISTRATION
ADDED from src/main/AndroidManifest.xml:89:17-86
	android:name
		ADDED from src/main/AndroidManifest.xml:89:25-83
category#com.pivotaldesign.howzthisbuddy
ADDED from src/main/AndroidManifest.xml:91:17-76
	android:name
		ADDED from src/main/AndroidManifest.xml:91:27-73